[debug] [2018-08-20T18:32:05.176Z] ----------------------------------------------------------------------
[debug] [2018-08-20T18:32:05.178Z] Command:       /usr/local/bin/node /usr/local/bin/firebase init
[debug] [2018-08-20T18:32:05.178Z] CLI Version:   4.0.3
[debug] [2018-08-20T18:32:05.178Z] Platform:      darwin
[debug] [2018-08-20T18:32:05.178Z] Node Version:  v8.11.3
[debug] [2018-08-20T18:32:05.179Z] Time:          Mon Aug 20 2018 14:32:05 GMT-0400 (EDT)
[debug] [2018-08-20T18:32:05.179Z] ----------------------------------------------------------------------
[debug] 
[debug] [2018-08-20T18:32:05.190Z] > command requires scopes: ["email","openid","https://www.googleapis.com/auth/cloudplatformprojects.readonly","https://www.googleapis.com/auth/firebase"]
[debug] [2018-08-20T18:32:05.190Z] > authorizing via signed-in user
[info] 
     🔥🔥🔥🔥🔥🔥🔥🔥 🔥🔥🔥🔥 🔥🔥🔥🔥🔥🔥🔥🔥  🔥🔥🔥🔥🔥🔥🔥🔥 🔥🔥🔥🔥🔥🔥🔥🔥     🔥🔥🔥     🔥🔥🔥🔥🔥🔥  🔥🔥🔥🔥🔥🔥🔥🔥
     🔥🔥        🔥🔥  🔥🔥     🔥🔥 🔥🔥       🔥🔥     🔥🔥  🔥🔥   🔥🔥  🔥🔥       🔥🔥
     🔥🔥🔥🔥🔥🔥    🔥🔥  🔥🔥🔥🔥🔥🔥🔥🔥  🔥🔥🔥🔥🔥🔥   🔥🔥🔥🔥🔥🔥🔥🔥  🔥🔥🔥🔥🔥🔥🔥🔥🔥  🔥🔥🔥🔥🔥🔥  🔥🔥🔥🔥🔥🔥
     🔥🔥        🔥🔥  🔥🔥    🔥🔥  🔥🔥       🔥🔥     🔥🔥 🔥🔥     🔥🔥       🔥🔥 🔥🔥
     🔥🔥       🔥🔥🔥🔥 🔥🔥     🔥🔥 🔥🔥🔥🔥🔥🔥🔥🔥 🔥🔥🔥🔥🔥🔥🔥🔥  🔥🔥     🔥🔥  🔥🔥🔥🔥🔥🔥  🔥🔥🔥🔥🔥🔥🔥🔥

You're about to initialize a Firebase project in this directory:

  /Users/szeng/Desktop/Epi/PWA/work

[info] 
=== Project Setup
[info] 
[info] First, let's associate this project directory with a Firebase project.
[info] You can create multiple project aliases by running firebase use --add, 
[info] but for now we'll just set up a default project.
[info] 
[debug] [2018-08-20T18:32:08.419Z] > refreshing access token with scopes: ["email","https://www.googleapis.com/auth/cloudplatformprojects.readonly","https://www.googleapis.com/auth/firebase","openid"]
[debug] [2018-08-20T18:32:08.419Z] >>> HTTP REQUEST POST https://www.googleapis.com/oauth2/v3/token  
 { refresh_token: '1/0GJMeNBmnR-0VFDAu_rtKLBTEZn3PolhvCn5088gn_U',
  client_id: '563584335869-fgrhgmd47bqnekij5i8b5pr03ho849e6.apps.googleusercontent.com',
  client_secret: 'j9iVZfS8kkCEFUPaAeJV0sAi',
  grant_type: 'refresh_token',
  scope: 'email https://www.googleapis.com/auth/cloudplatformprojects.readonly https://www.googleapis.com/auth/firebase openid' } 
 Mon Aug 20 2018 14:32:08 GMT-0400 (EDT)
[debug] [2018-08-20T18:32:08.497Z] <<< HTTP RESPONSE 200
[debug] [2018-08-20T18:32:08.514Z] >>> HTTP REQUEST GET https://admin.firebase.com/v1/projects  
  
 Mon Aug 20 2018 14:32:08 GMT-0400 (EDT)
[debug] [2018-08-20T18:32:08.870Z] <<< HTTP RESPONSE 200
[info] 
=== Hosting Setup
[info] 
[info] Your public directory is the folder (relative to your project directory) that
[info] will contain Hosting assets to be uploaded with firebase deploy. If you
[info] have a build process for your assets, use your build's output directory.
[info] 
